This is pdfTeX, Version 3.14159265-2.6-1.40.19 (MiKTeX 2.9.6840 64-bit) (preloaded format=pdflatex 2019.4.1)  1 APR 2019 18:55
entering extended mode
**./informe.tex
(informe.tex
LaTeX2e <2018-04-01> patch level 5
("C:\Program Files\MiKTeX 2.9\tex\latex\base\book.cls"
Document Class: book 2014/09/29 v1.4h Standard LaTeX document class
("C:\Program Files\MiKTeX 2.9\tex\latex\base\bk12.clo"
File: bk12.clo 2014/09/29 v1.4h Standard LaTeX file (size option)
)
\c@part=\count80
\c@chapter=\count81
\c@section=\count82
\c@subsection=\count83
\c@subsubsection=\count84
\c@paragraph=\count85
\c@subparagraph=\count86
\c@figure=\count87
\c@table=\count88
\abovecaptionskip=\skip41
\belowcaptionskip=\skip42
\bibindent=\dimen102
)
("C:\Program Files\MiKTeX 2.9\tex\latex\graphics\graphicx.sty"
Package: graphicx 2017/06/01 v1.1a Enhanced LaTeX Graphics (DPC,SPQR)

("C:\Program Files\MiKTeX 2.9\tex\latex\graphics\keyval.sty"
Package: keyval 2014/10/28 v1.15 key=value parser (DPC)
\KV@toks@=\toks14
)
("C:\Program Files\MiKTeX 2.9\tex\latex\graphics\graphics.sty"
Package: graphics 2017/06/25 v1.2c Standard LaTeX Graphics (DPC,SPQR)

("C:\Program Files\MiKTeX 2.9\tex\latex\graphics\trig.sty"
Package: trig 2016/01/03 v1.10 sin cos tan (DPC)
)
("C:\Program Files\MiKTeX 2.9\tex\latex\graphics-cfg\graphics.cfg"
File: graphics.cfg 2016/06/04 v1.11 sample graphics configuration
)
Package graphics Info: Driver file: pdftex.def on input line 99.

("C:\Program Files\MiKTeX 2.9\tex\latex\graphics-def\pdftex.def"
File: pdftex.def 2018/01/08 v1.0l Graphics/color driver for pdftex
))
\Gin@req@height=\dimen103
\Gin@req@width=\dimen104
) (macros.tex ("C:\Program Files\MiKTeX 2.9\tex\latex\listings\listings.sty"
\lst@mode=\count89
\lst@gtempboxa=\box26
\lst@token=\toks15
\lst@length=\count90
\lst@currlwidth=\dimen105
\lst@column=\count91
\lst@pos=\count92
\lst@lostspace=\dimen106
\lst@width=\dimen107
\lst@newlines=\count93
\lst@lineno=\count94
\lst@maxwidth=\dimen108

("C:\Program Files\MiKTeX 2.9\tex\latex\listings\lstmisc.sty"
File: lstmisc.sty 2019/02/27 1.8b (Carsten Heinz)
\c@lstnumber=\count95
\lst@skipnumbers=\count96
\lst@framebox=\box27
)
("C:\Program Files\MiKTeX 2.9\tex\latex\listings\listings.cfg"
File: listings.cfg 2019/02/27 1.8b listings configuration
))
Package: listings 2019/02/27 1.8b (Carsten Heinz)

("C:\Program Files\MiKTeX 2.9\tex\latex\graphics\color.sty"
Package: color 2016/07/10 v1.1e Standard LaTeX Color (DPC)

("C:\Program Files\MiKTeX 2.9\tex\latex\graphics-cfg\color.cfg"
File: color.cfg 2016/01/02 v1.6 sample color configuration
)
Package color Info: Driver file: pdftex.def on input line 147.
)
("C:\Program Files\MiKTeX 2.9\tex\latex\listings\lstlang1.sty"
File: lstlang1.sty 2019/02/27 1.8b listings language file
)) (informe.aux
(Proyecto/Organizacion/Organizacion.aux) (Proyecto/Metodologia/Metodologia.aux)
(Arquitectura/Negocio/Negocio.aux) (Arquitectura/Aplicacion/Aplicacion.aux)
(Arquitectura/Tecnologia/Tecnologia.aux) (Arquitectura/Migracion/Migracion.aux)
(Arquitectura/Motivacion/Motivacion.aux)
(Arquitectura/Estrategia/Estrategia.aux) (Diseno/Creacionales/Creacionales.aux)
(Diseno/Estructurales/Estructurales.aux)
(Diseno/Comportamiento/Comportamiento.aux) (Bibliografia/Bibliografia.aux))
\openout1 = `informe.aux'.

LaTeX Font Info:    Checking defaults for OML/cmm/m/it on input line 10.
LaTeX Font Info:    ... okay on input line 10.
LaTeX Font Info:    Checking defaults for T1/cmr/m/n on input line 10.
LaTeX Font Info:    ... okay on input line 10.
LaTeX Font Info:    Checking defaults for OT1/cmr/m/n on input line 10.
LaTeX Font Info:    ... okay on input line 10.
LaTeX Font Info:    Checking defaults for OMS/cmsy/m/n on input line 10.
LaTeX Font Info:    ... okay on input line 10.
LaTeX Font Info:    Checking defaults for OMX/cmex/m/n on input line 10.
LaTeX Font Info:    ... okay on input line 10.
LaTeX Font Info:    Checking defaults for U/cmr/m/n on input line 10.
LaTeX Font Info:    ... okay on input line 10.

("C:\Program Files\MiKTeX 2.9\tex\context\base\mkii\supp-pdf.mkii"
[Loading MPS to PDF converter (version 2006.09.02).]
\scratchcounter=\count97
\scratchdimen=\dimen109
\scratchbox=\box28
\nofMPsegments=\count98
\nofMParguments=\count99
\everyMPshowfont=\toks16
\MPscratchCnt=\count100
\MPscratchDim=\dimen110
\MPnumerator=\count101
\makeMPintoPDFobject=\count102
\everyMPtoPDFconversion=\toks17
) ("C:\Program Files\MiKTeX 2.9\tex\latex\oberdiek\epstopdf-base.sty"
Package: epstopdf-base 2016/05/15 v2.6 Base part for package epstopdf

("C:\Program Files\MiKTeX 2.9\tex\generic\oberdiek\infwarerr.sty"
Package: infwarerr 2016/05/16 v1.4 Providing info/warning/error messages (HO)
)
("C:\Program Files\MiKTeX 2.9\tex\latex\oberdiek\grfext.sty"
Package: grfext 2016/05/16 v1.2 Manage graphics extensions (HO)

("C:\Program Files\MiKTeX 2.9\tex\generic\oberdiek\kvdefinekeys.sty"
Package: kvdefinekeys 2016/05/16 v1.4 Define keys (HO)

("C:\Program Files\MiKTeX 2.9\tex\generic\oberdiek\ltxcmds.sty"
Package: ltxcmds 2016/05/16 v1.23 LaTeX kernel commands for general use (HO)
)))
("C:\Program Files\MiKTeX 2.9\tex\latex\oberdiek\kvoptions.sty"
Package: kvoptions 2016/05/16 v3.12 Key value format for package options (HO)

("C:\Program Files\MiKTeX 2.9\tex\generic\oberdiek\kvsetkeys.sty"
Package: kvsetkeys 2016/05/16 v1.17 Key value parser (HO)

("C:\Program Files\MiKTeX 2.9\tex\generic\oberdiek\etexcmds.sty"
Package: etexcmds 2016/05/16 v1.6 Avoid name clashes with e-TeX commands (HO)

("C:\Program Files\MiKTeX 2.9\tex\generic\oberdiek\ifluatex.sty"
Package: ifluatex 2016/05/16 v1.4 Provides the ifluatex switch (HO)
Package ifluatex Info: LuaTeX not detected.
)
Package etexcmds Info: Could not find \expanded.
(etexcmds)             That can mean that you are not using pdfTeX 1.50 or
(etexcmds)             that some package has redefined \expanded.
(etexcmds)             In the latter case, load this package earlier.
)))
("C:\Program Files\MiKTeX 2.9\tex\generic\oberdiek\pdftexcmds.sty"
Package: pdftexcmds 2018/09/10 v0.29 Utility functions of pdfTeX for LuaTeX (HO
)

("C:\Program Files\MiKTeX 2.9\tex\generic\oberdiek\ifpdf.sty"
Package: ifpdf 2018/09/07 v3.3 Provides the ifpdf switch
)
Package pdftexcmds Info: LuaTeX not detected.
Package pdftexcmds Info: \pdf@primitive is available.
Package pdftexcmds Info: \pdf@ifprimitive is available.
Package pdftexcmds Info: \pdfdraftmode found.
)
Package epstopdf-base Info: Redefining graphics rule for `.eps' on input line 4
38.
Package grfext Info: Graphics extension search list:
(grfext)             [.pdf,.png,.jpg,.mps,.jpeg,.jbig2,.jb2,.PDF,.PNG,.JPG,.JPE
G,.JBIG2,.JB2,.eps]
(grfext)             \AppendGraphicsExtensions on input line 456.
)
\c@lstlisting=\count103
LaTeX Font Info:    External font `cmex10' loaded for size
(Font)              <14.4> on input line 11.
LaTeX Font Info:    External font `cmex10' loaded for size
(Font)              <7> on input line 11.
 [1


{C:/Users/Administrador/AppData/Local/MiKTeX/2.9/pdftex/config/pdftex.map}] [2

]
(informe.toc
LaTeX Font Info:    External font `cmex10' loaded for size
(Font)              <12> on input line 3.
LaTeX Font Info:    External font `cmex10' loaded for size
(Font)              <8> on input line 3.
LaTeX Font Info:    External font `cmex10' loaded for size
(Font)              <6> on input line 3.
 [3])
\tf@toc=\write3
\openout3 = `informe.toc'.

 [4] (informe.lof)
\tf@lof=\write4
\openout4 = `informe.lof'.

 [5

] [6

] [7] [8]
\openout2 = `Proyecto/Organizacion/Organizacion.aux'.


(Proyecto/Organizacion/Organizacion.tex
Chapter 1.
[9


] [10] [11]
<Proyecto/Organizacion/imgs/Organigrma.jpg, id=40, 492.33937pt x 289.83281pt>
File: Proyecto/Organizacion/imgs/Organigrma.jpg Graphic file (type jpg)
<use Proyecto/Organizacion/imgs/Organigrma.jpg>
Package pdftex.def Info: Proyecto/Organizacion/imgs/Organigrma.jpg  used on inp
ut line 42.
(pdftex.def)             Requested size: 272.99881pt x 160.71759pt.
 [12 <./Proyecto/Organizacion/imgs/Organigrma.jpg>]) [13]
\openout2 = `Proyecto/Metodologia/Metodologia.aux'.


(Proyecto/Metodologia/Metodologia.tex [14



]
Chapter 2.
<Proyecto/Metodologia/imgs/cascada.pdf, id=51, 294.09875pt x 297.11pt>
File: Proyecto/Metodologia/imgs/cascada.pdf Graphic file (type pdf)
<use Proyecto/Metodologia/imgs/cascada.pdf>
Package pdftex.def Info: Proyecto/Metodologia/imgs/cascada.pdf  used on input l
ine 9.
(pdftex.def)             Requested size: 195.0pt x 196.99538pt.
<Proyecto/Metodologia/imgs/cronograma.png, id=52, 564.60938pt x 164.86594pt>
File: Proyecto/Metodologia/imgs/cronograma.png Graphic file (type png)
<use Proyecto/Metodologia/imgs/cronograma.png>
Package pdftex.def Info: Proyecto/Metodologia/imgs/cronograma.png  used on inpu
t line 18.
(pdftex.def)             Requested size: 390.0pt x 113.88086pt.

Underfull \vbox (badness 4416) has occurred while \output is active []

 [15 <./Proyecto/Metodologia/imgs/cascada.pdf>]) [16 <./Proyecto/Metodologia/im
gs/cronograma.png>] [17


] [18]
\openout2 = `Arquitectura/Negocio/Negocio.aux'.

 (Arquitectura/Negocio/Negocio.tex
Chapter 3.
[19


]
<Arquitectura/Negocio/imgs/Organizacion.png, id=91, 444.66125pt x 260.975pt>
File: Arquitectura/Negocio/imgs/Organizacion.png Graphic file (type png)
<use Arquitectura/Negocio/imgs/Organizacion.png>
Package pdftex.def Info: Arquitectura/Negocio/imgs/Organizacion.png  used on in
put line 13.
(pdftex.def)             Requested size: 312.00119pt x 183.11531pt.
 [20 <./Arquitectura/Negocio/imgs/Organizacion.png (PNG copy)>]

LaTeX Warning: File `Arquitectura/Negocio/imgs/Cooperacion de actor.png' not fo
und on input line 21.

<Arquitectura/Negocio/imgs/Cooperacion de actor.png, id=95, 492.84125pt x 843.1
5pt>
File: Arquitectura/Negocio/imgs/Cooperacion de actor.png Graphic file (type png
)
<use Arquitectura/Negocio/imgs/Cooperacion de actor.png>
Package pdftex.def Info: Arquitectura/Negocio/imgs/Cooperacion de actor.png  us
ed on input line 21.
(pdftex.def)             Requested size: 155.99762pt x 266.88019pt.
[21 <./Arquitectura/Negocio/imgs/Cooperacion de actor.png (PNG copy)>]

LaTeX Warning: File `Arquitectura/Negocio/imgs/Funcion de negocio.png' not foun
d on input line 29.

<Arquitectura/Negocio/imgs/Funcion de negocio.png, id=99, 382.42876pt x 326.720
63pt>
File: Arquitectura/Negocio/imgs/Funcion de negocio.png Graphic file (type png)
<use Arquitectura/Negocio/imgs/Funcion de negocio.png>
Package pdftex.def Info: Arquitectura/Negocio/imgs/Funcion de negocio.png  used
 on input line 29.
(pdftex.def)             Requested size: 312.00119pt x 266.56659pt.
[22 <./Arquitectura/Negocio/imgs/Funcion de negocio.png>]

LaTeX Warning: File `Arquitectura/Negocio/imgs/Proceso de negocio.png' not foun
d on input line 37.

<Arquitectura/Negocio/imgs/Proceso de negocio.png, id=105, 465.99094pt x 275.52
937pt>
File: Arquitectura/Negocio/imgs/Proceso de negocio.png Graphic file (type png)
<use Arquitectura/Negocio/imgs/Proceso de negocio.png>
Package pdftex.def Info: Arquitectura/Negocio/imgs/Proceso de negocio.png  used
 on input line 37.
(pdftex.def)             Requested size: 312.00119pt x 184.486pt.
[23 <./Arquitectura/Negocio/imgs/Proceso de negocio.png>]

LaTeX Warning: File `Arquitectura/Negocio/imgs/Cooperacion de proceso de negoci
o.png' not found on input line 45.

<Arquitectura/Negocio/imgs/Cooperacion de proceso de negocio.png, id=110, 467.4
9657pt x 246.1697pt>
File: Arquitectura/Negocio/imgs/Cooperacion de proceso de negocio.png Graphic f
ile (type png)
<use Arquitectura/Negocio/imgs/Cooperacion de proceso de negocio.png>
Package pdftex.def Info: Arquitectura/Negocio/imgs/Cooperacion de proceso de ne
gocio.png  used on input line 45.
(pdftex.def)             Requested size: 312.00119pt x 164.29802pt.
[24 <./Arquitectura/Negocio/imgs/Cooperacion de proceso de negocio.png>]
<Arquitectura/Negocio/imgs/Producto.png, id=115, 273.27094pt x 317.68687pt>
File: Arquitectura/Negocio/imgs/Producto.png Graphic file (type png)
<use Arquitectura/Negocio/imgs/Producto.png>
Package pdftex.def Info: Arquitectura/Negocio/imgs/Producto.png  used on input 
line 53.
(pdftex.def)             Requested size: 312.00119pt x 362.73878pt.

[25 <./Arquitectura/Negocio/imgs/Producto.png>])
\openout2 = `Arquitectura/Aplicacion/Aplicacion.aux'.


(Arquitectura/Aplicacion/Aplicacion.tex [26



]
Chapter 4.
[27]

LaTeX Warning: File `Arquitectura/Aplicacion/imgs/Comportamiento aplicacion.png
' not found on input line 13.

<Arquitectura/Aplicacion/imgs/Comportamiento aplicacion.png, id=127, 362.10281p
t x 268.75406pt>
File: Arquitectura/Aplicacion/imgs/Comportamiento aplicacion.png Graphic file (
type png)
<use Arquitectura/Aplicacion/imgs/Comportamiento aplicacion.png>
Package pdftex.def Info: Arquitectura/Aplicacion/imgs/Comportamiento aplicacion
.png  used on input line 13.
(pdftex.def)             Requested size: 312.00119pt x 231.57097pt.
[28 <./Arquitectura/Aplicacion/imgs/Comportamiento aplicacion.png>]

LaTeX Warning: File `Arquitectura/Aplicacion/imgs/Cooperacion de aplicacion.png
' not found on input line 21.

<Arquitectura/Aplicacion/imgs/Cooperacion de aplicacion.png, id=132, 332.74312p
t x 270.25969pt>
File: Arquitectura/Aplicacion/imgs/Cooperacion de aplicacion.png Graphic file (
type png)
<use Arquitectura/Aplicacion/imgs/Cooperacion de aplicacion.png>
Package pdftex.def Info: Arquitectura/Aplicacion/imgs/Cooperacion de aplicacion
.png  used on input line 21.
(pdftex.def)             Requested size: 312.00119pt x 253.42967pt.
[29 <./Arquitectura/Aplicacion/imgs/Cooperacion de aplicacion.png>]

LaTeX Warning: File `Arquitectura/Aplicacion/imgs/Estructura de apilcacion.png'
 not found on input line 29.

<Arquitectura/Aplicacion/imgs/Estructura de apilcacion.png, id=137, 432.61626pt
 x 294.09875pt>
File: Arquitectura/Aplicacion/imgs/Estructura de apilcacion.png Graphic file (t
ype png)
<use Arquitectura/Aplicacion/imgs/Estructura de apilcacion.png>
Package pdftex.def Info: Arquitectura/Aplicacion/imgs/Estructura de apilcacion.
png  used on input line 29.
(pdftex.def)             Requested size: 312.00119pt x 212.10994pt.
[30 <./Arquitectura/Aplicacion/imgs/Estructura de apilcacion.png (PNG copy)>]

LaTeX Warning: File `Arquitectura/Aplicacion/imgs/uso de aplicacion.png' not fo
und on input line 37.

<Arquitectura/Aplicacion/imgs/uso de aplicacion.png, id=141, 645.41125pt x 304.
13625pt>
File: Arquitectura/Aplicacion/imgs/uso de aplicacion.png Graphic file (type png
)
<use Arquitectura/Aplicacion/imgs/uso de aplicacion.png>
Package pdftex.def Info: Arquitectura/Aplicacion/imgs/uso de aplicacion.png  us
ed on input line 37.
(pdftex.def)             Requested size: 312.00119pt x 147.02325pt.
[31 <./Arquitectura/Aplicacion/imgs/uso de aplicacion.png (PNG copy)>])
\openout2 = `Arquitectura/Tecnologia/Tecnologia.aux'.


(Arquitectura/Tecnologia/Tecnologia.tex [32



]
Chapter 5.
) [33]
\openout2 = `Arquitectura/Migracion/Migracion.aux'.

 (Arquitectura/Migracion/Migracion.tex [34



]
Chapter 6.
) [35]
\openout2 = `Arquitectura/Motivacion/Motivacion.aux'.

 (Arquitectura/Motivacion/Motivacion.tex [36



]
Chapter 7.
) [37]
\openout2 = `Arquitectura/Estrategia/Estrategia.aux'.

 (Arquitectura/Estrategia/Estrategia.tex [38



]
Chapter 8.
) [39] [40


] [41] [42]
\openout2 = `Diseno/Creacionales/Creacionales.aux'.

 (Diseno/Creacionales/Creacionales.tex
Chapter 9.
[43


]
<Diseno/Creacionales/imgs/proposito.pdf, id=184, 294.09875pt x 155.58125pt>
File: Diseno/Creacionales/imgs/proposito.pdf Graphic file (type pdf)
<use Diseno/Creacionales/imgs/proposito.pdf>
Package pdftex.def Info: Diseno/Creacionales/imgs/proposito.pdf  used on input 
line 12.
(pdftex.def)             Requested size: 272.99881pt x 144.42079pt.
<Diseno/Creacionales/imgs/estructura.pdf, id=185, 237.88875pt x 143.53625pt>
File: Diseno/Creacionales/imgs/estructura.pdf Graphic file (type pdf)
<use Diseno/Creacionales/imgs/estructura.pdf>
Package pdftex.def Info: Diseno/Creacionales/imgs/estructura.pdf  used on input
 line 20.
(pdftex.def)             Requested size: 272.99881pt x 164.7281pt.
<Diseno/Creacionales/imgs/ejecucion.pdf, id=186, 226.8475pt x 119.44624pt>
File: Diseno/Creacionales/imgs/ejecucion.pdf Graphic file (type pdf)
<use Diseno/Creacionales/imgs/ejecucion.pdf>
Package pdftex.def Info: Diseno/Creacionales/imgs/ejecucion.pdf  used on input 
line 28.
(pdftex.def)             Requested size: 272.99881pt x 143.74849pt.


LaTeX Warning: `!h' float specifier changed to `!ht'.

("C:\Program Files\MiKTeX 2.9\tex\latex\listings\lstlang1.sty"
File: lstlang1.sty 2019/02/27 1.8b listings language file
) [44 <./Diseno/Creacionales/imgs/proposito.pdf> <./Diseno/Creacionales/imgs/es
tructura.pdf>]
(Diseno/Creacionales/fuentes/Singleton.java
LaTeX Font Info:    Try loading font information for OMS+cmr on input line 2.

("C:\Program Files\MiKTeX 2.9\tex\latex\base\omscmr.fd"
File: omscmr.fd 2014/09/29 v2.5h Standard LaTeX font definitions
)
LaTeX Font Info:    Font shape `OMS/cmr/m/n' in size <10> not available
(Font)              Font shape `OMS/cmsy/m/n' tried instead on input line 2.
)) [45 <./Diseno/Creacionales/imgs/ejecucion.pdf>]
\openout2 = `Diseno/Estructurales/Estructurales.aux'.

 (Diseno/Estructurales/Estructurales.tex [46



]
Chapter 10.
) [47]
\openout2 = `Diseno/Comportamiento/Comportamiento.aux'.

 (Diseno/Comportamiento/Comportamiento.tex [48



]
Chapter 11.
) [49] [50


] [51] [52]
\openout2 = `Bibliografia/Bibliografia.aux'.

 (Bibliografia/Bibliografia.tex (informe.bbl)) [53


]
(informe.aux (Proyecto/Organizacion/Organizacion.aux)
(Proyecto/Metodologia/Metodologia.aux) (Arquitectura/Negocio/Negocio.aux)
(Arquitectura/Aplicacion/Aplicacion.aux)
(Arquitectura/Tecnologia/Tecnologia.aux) (Arquitectura/Migracion/Migracion.aux)
(Arquitectura/Motivacion/Motivacion.aux)
(Arquitectura/Estrategia/Estrategia.aux) (Diseno/Creacionales/Creacionales.aux)
(Diseno/Estructurales/Estructurales.aux)
(Diseno/Comportamiento/Comportamiento.aux) (Bibliografia/Bibliografia.aux)) ) 
Here is how much of TeX's memory you used:
 3443 strings out of 492970
 54073 string characters out of 3135832
 347426 words of memory out of 3000000
 7157 multiletter control sequences out of 15000+200000
 10113 words of font info for 35 fonts, out of 3000000 for 9000
 1141 hyphenation exceptions out of 8191
 41i,7n,40p,893b,1439s stack positions out of 5000i,500n,10000p,200000b,50000s
<C
:/Program Files/MiKTeX 2.9/fonts/type1/public/amsfonts/cm/cmbx12.pfb><C:/Progra
m Files/MiKTeX 2.9/fonts/type1/public/amsfonts/cm/cmr10.pfb><C:/Program Files/M
iKTeX 2.9/fonts/type1/public/amsfonts/cm/cmr12.pfb><C:/Program Files/MiKTeX 2.9
/fonts/type1/public/amsfonts/cm/cmr17.pfb><C:/Program Files/MiKTeX 2.9/fonts/ty
pe1/public/amsfonts/cm/cmr6.pfb><C:/Program Files/MiKTeX 2.9/fonts/type1/public
/amsfonts/cm/cmsl12.pfb><C:/Program Files/MiKTeX 2.9/fonts/type1/public/amsfont
s/cm/cmsy10.pfb><C:/Program Files/MiKTeX 2.9/fonts/type1/public/amsfonts/cm/cmt
i12.pfb>
Output written on informe.pdf (53 pages, 555730 bytes).
PDF statistics:
 316 PDF objects out of 1000 (max. 8388607)
 0 named destinations out of 1000 (max. 500000)
 81 words of extra memory for PDF output out of 10000 (max. 10000000)

